# JRE version: Java(TM) SE Runtime Environment (8.0-b132) (build 1.8.0-b132)
# Java VM: Java HotSpot(TM) 64-Bit Server VM (25.0-b70 mixed mode bsd-amd64 compressed oops)
Heap:
 PSYoungGen      total 5120K, used 827K [0x00000007aab00000, 0x00000007ab100000, 0x00000007c0000000)
  eden space 4096K, 1% used [0x00000007aab00000,0x00000007aab0ee28,0x00000007aaf00000)
  from space 1024K, 75% used [0x00000007ab000000,0x00000007ab0c0010,0x00000007ab100000)
  to   space 1024K, 0% used [0x00000007aaf00000,0x00000007aaf00000,0x00000007ab000000)
 ParOldGen       total 64000K, used 1055K [0x0000000780000000, 0x0000000783e80000, 0x00000007aab00000)
  object space 64000K, 1% used [0x0000000780000000,0x0000000780107ef8,0x0000000783e80000)
 Metaspace       used 6701K, capacity 6886K, committed 7040K, reserved 1056768K
  class space    used 769K, capacity 837K, committed 896K, reserved 1048576K
GC Heap History (10 events):
Event: 0.370 GC heap before
{Heap before GC invocations=4 (full 0):
 PSYoungGen      total 1024K, used 1008K [0x00000007aab00000, 0x00000007aad00000, 0x00000007c0000000)
  eden space 512K, 100% used [0x00000007aab00000,0x00000007aab80000,0x00000007aab80000)
  from space 512K, 96% used [0x00000007aab80000,0x00000007aabfc010,0x00000007aac00000)
  to   space 512K, 0% used [0x00000007aac80000,0x00000007aac80000,0x00000007aad00000)
 ParOldGen       total 64000K, used 160K [0x0000000780000000, 0x0000000783e80000, 0x00000007aab00000)
  object space 64000K, 0% used [0x0000000780000000,0x0000000780028000,0x0000000783e80000)
 Metaspace       used 3538K, capacity 4652K, committed 4864K, reserved 1056768K
  class space    used 385K, capacity 424K, committed 512K, reserved 1048576K
Event: 0.371 GC heap after
Heap after GC invocations=4 (full 0):
 PSYoungGen      total 1536K, used 496K [0x00000007aab00000, 0x00000007aad00000, 0x00000007c0000000)
  eden space 1024K, 0% used [0x00000007aab00000,0x00000007aab00000,0x00000007aac00000)
  from space 512K, 96% used [0x00000007aac80000,0x00000007aacfc010,0x00000007aad00000)
  to   space 512K, 0% used [0x00000007aac00000,0x00000007aac00000,0x00000007aac80000)
 ParOldGen       total 64000K, used 315K [0x0000000780000000, 0x0000000783e80000, 0x00000007aab00000)
  object space 64000K, 0% used [0x0000000780000000,0x000000078004ef30,0x0000000783e80000)
 Metaspace       used 3538K, capacity 4652K, committed 4864K, reserved 1056768K
  class space    used 385K, capacity 424K, committed 512K, reserved 1048576K
}
Event: 0.407 GC heap before
{Heap before GC invocations=5 (full 0):
 PSYoungGen      total 1536K, used 1520K [0x00000007aab00000, 0x00000007aad00000, 0x00000007c0000000)
  eden space 1024K, 100% used [0x00000007aab00000,0x00000007aac00000,0x00000007aac00000)
  from space 512K, 96% used [0x00000007aac80000,0x00000007aacfc010,0x00000007aad00000)
  to   space 512K, 0% used [0x00000007aac00000,0x00000007aac00000,0x00000007aac80000)
 ParOldGen       total 64000K, used 315K [0x0000000780000000, 0x0000000783e80000, 0x00000007aab00000)
  object space 64000K, 0% used [0x0000000780000000,0x000000078004ef30,0x0000000783e80000)
 Metaspace       used 4087K, capacity 4756K, committed 4864K, reserved 1056768K
  class space    used 447K, capacity 464K, committed 512K, reserved 1048576K
Event: 0.409 GC heap after
Heap after GC invocations=5 (full 0):
 PSYoungGen      total 1536K, used 480K [0x00000007aab00000, 0x00000007aaf00000, 0x00000007c0000000)
  eden space 1024K, 0% used [0x00000007aab00000,0x00000007aab00000,0x00000007aac00000)
  from space 512K, 93% used [0x00000007aac00000,0x00000007aac78020,0x00000007aac80000)
  to   space 1024K, 0% used [0x00000007aae00000,0x00000007aae00000,0x00000007aaf00000)
 ParOldGen       total 64000K, used 663K [0x0000000780000000, 0x0000000783e80000, 0x00000007aab00000)
  object space 64000K, 1% used [0x0000000780000000,0x00000007800a5e78,0x0000000783e80000)
 Metaspace       used 4087K, capacity 4756K, committed 4864K, reserved 1056768K
  class space    used 447K, capacity 464K, committed 512K, reserved 1048576K
}
Event: 0.459 GC heap before
{Heap before GC invocations=6 (full 0):
 PSYoungGen      total 1536K, used 1504K [0x00000007aab00000, 0x00000007aaf00000, 0x00000007c0000000)
  eden space 1024K, 100% used [0x00000007aab00000,0x00000007aac00000,0x00000007aac00000)
  from space 512K, 93% used [0x00000007aac00000,0x00000007aac78020,0x00000007aac80000)
  to   space 1024K, 0% used [0x00000007aae00000,0x00000007aae00000,0x00000007aaf00000)
 ParOldGen       total 64000K, used 663K [0x0000000780000000, 0x0000000783e80000, 0x00000007aab00000)
  object space 64000K, 1% used [0x0000000780000000,0x00000007800a5e78,0x0000000783e80000)
 Metaspace       used 4997K, capacity 5156K, committed 5248K, reserved 1056768K
  class space    used 544K, capacity 592K, committed 640K, reserved 1048576K
Event: 0.460 GC heap after
Heap after GC invocations=6 (full 0):
 PSYoungGen      total 3072K, used 832K [0x00000007aab00000, 0x00000007aaf00000, 0x00000007c0000000)
  eden space 2048K, 0% used [0x00000007aab00000,0x00000007aab00000,0x00000007aad00000)
  from space 1024K, 81% used [0x00000007aae00000,0x00000007aaed0020,0x00000007aaf00000)
  to   space 1024K, 0% used [0x00000007aad00000,0x00000007aad00000,0x00000007aae00000)
 ParOldGen       total 64000K, used 671K [0x0000000780000000, 0x0000000783e80000, 0x00000007aab00000)
  object space 64000K, 1% used [0x0000000780000000,0x00000007800a7e78,0x0000000783e80000)
 Metaspace       used 4997K, capacity 5156K, committed 5248K, reserved 1056768K
  class space    used 544K, capacity 592K, committed 640K, reserved 1048576K
}
Event: 0.578 GC heap before
{Heap before GC invocations=7 (full 0):
 PSYoungGen      total 3072K, used 2880K [0x00000007aab00000, 0x00000007aaf00000, 0x00000007c0000000)
  eden space 2048K, 100% used [0x00000007aab00000,0x00000007aad00000,0x00000007aad00000)
  from space 1024K, 81% used [0x00000007aae00000,0x00000007aaed0020,0x00000007aaf00000)
  to   space 1024K, 0% used [0x00000007aad00000,0x00000007aad00000,0x00000007aae00000)
 ParOldGen       total 64000K, used 671K [0x0000000780000000, 0x0000000783e80000, 0x00000007aab00000)
  object space 64000K, 1% used [0x0000000780000000,0x00000007800a7e78,0x0000000783e80000)
 Metaspace       used 6464K, capacity 6602K, committed 6784K, reserved 1056768K
  class space    used 733K, capacity 785K, committed 896K, reserved 1048576K
Event: 0.579 GC heap after
Heap after GC invocations=7 (full 0):
 PSYoungGen      total 3072K, used 896K [0x00000007aab00000, 0x00000007ab100000, 0x00000007c0000000)
  eden space 2048K, 0% used [0x00000007aab00000,0x00000007aab00000,0x00000007aad00000)
  from space 1024K, 87% used [0x00000007aad00000,0x00000007aade0010,0x00000007aae00000)
  to   space 1024K, 0% used [0x00000007ab000000,0x00000007ab000000,0x00000007ab100000)
 ParOldGen       total 64000K, used 935K [0x0000000780000000, 0x0000000783e80000, 0x00000007aab00000)
  object space 64000K, 1% used [0x0000000780000000,0x00000007800e9ec8,0x0000000783e80000)
 Metaspace       used 6464K, capacity 6602K, committed 6784K, reserved 1056768K
  class space    used 733K, capacity 785K, committed 896K, reserved 1048576K
}
Event: 406.618 GC heap before
{Heap before GC invocations=8 (full 0):
 PSYoungGen      total 3072K, used 2923K [0x00000007aab00000, 0x00000007ab100000, 0x00000007c0000000)
  eden space 2048K, 99% used [0x00000007aab00000,0x00000007aacfae88,0x00000007aad00000)
  from space 1024K, 87% used [0x00000007aad00000,0x00000007aade0010,0x00000007aae00000)
  to   space 1024K, 0% used [0x00000007ab000000,0x00000007ab000000,0x00000007ab100000)
 ParOldGen       total 64000K, used 935K [0x0000000780000000, 0x0000000783e80000, 0x00000007aab00000)
  object space 64000K, 1% used [0x0000000780000000,0x00000007800e9ec8,0x0000000783e80000)
 Metaspace       used 6695K, capacity 6886K, committed 7040K, reserved 1056768K
  class space    used 768K, capacity 837K, committed 896K, reserved 1048576K
Event: 406.620 GC heap after
Heap after GC invocations=8 (full 0):
 PSYoungGen      total 5120K, used 768K [0x00000007aab00000, 0x00000007ab100000, 0x00000007c0000000)
  eden space 4096K, 0% used [0x00000007aab00000,0x00000007aab00000,0x00000007aaf00000)
  from space 1024K, 75% used [0x00000007ab000000,0x00000007ab0c0010,0x00000007ab100000)
  to   space 1024K, 0% used [0x00000007aaf00000,0x00000007aaf00000,0x00000007ab000000)
 ParOldGen       total 64000K, used 1055K [0x0000000780000000, 0x0000000783e80000, 0x00000007aab00000)
  object space 64000K, 1% used [0x0000000780000000,0x0000000780107ef8,0x0000000783e80000)
 Metaspace       used 6695K, capacity 6886K, committed 7040K, reserved 1056768K
  class space    used 768K, capacity 837K, committed 896K, reserved 1048576K
}

